  moc AddMoodDialog.h
  moc TodoCard.h
  moc MoodCard.h
  moc ui_eventdialog.h
  AddMoodDialog.cpp
  EventDialog.cpp
  MoodCard.cpp
  TodoCard.cpp
  appData.cpp
  dailymood.cpp
  date.cpp
  fileReader.cpp
  helpers.cpp
C:\Users\poczt\Documents\school\Studia-I-politechnika\JiPP2\p4\daily-mood\appData.cpp(95,63): warning C4267: 'argument': conversion from 'size_t' to 'int', possible loss of data
  main.cpp
  mood.cpp
  todo.cpp
C:\Program Files\Microsoft Visual Studio\2022\Community\VC\Tools\MSVC\14.37.32822\include\format(43): warning STL4038: The contents of <format> are available only with C++20 or later.
  moc_AddMoodDialog.cpp
  moc_EventDialog.cpp
  moc_MoodCard.cpp
  moc_TodoCard.cpp
  moc_dailymood.cpp
  moc_ui_eventdialog.cpp
  daily-mood.vcxproj -> C:\Users\poczt\Documents\school\Studia-I-politechnika\JiPP2\p4\x64\Debug\daily-mood.exe
